[21-Jan-2021 09:32:10 UTC] PHP Warning:  call_user_func_array() expects parameter 1 to be a valid callback, function 'university_features' not found or invalid function name in C:\Users\Heidi\Local Sites\functionaluniversity\app\public\wp-includes\class-wp-hook.php on line 287
[21-Jan-2021 09:32:10 UTC] PHP Stack trace:
[21-Jan-2021 09:32:10 UTC] PHP   1. {main}() C:\Users\Heidi\Local Sites\functionaluniversity\app\public\index.php:0
[21-Jan-2021 09:32:10 UTC] PHP   2. require() C:\Users\Heidi\Local Sites\functionaluniversity\app\public\index.php:17
[21-Jan-2021 09:32:10 UTC] PHP   3. require_once() C:\Users\Heidi\Local Sites\functionaluniversity\app\public\wp-blog-header.php:13
[21-Jan-2021 09:32:10 UTC] PHP   4. require_once() C:\Users\Heidi\Local Sites\functionaluniversity\app\public\wp-load.php:37
[21-Jan-2021 09:32:10 UTC] PHP   5. require_once() C:\Users\Heidi\Local Sites\functionaluniversity\app\public\wp-config.php:77
[21-Jan-2021 09:32:10 UTC] PHP   6. do_action() C:\Users\Heidi\Local Sites\functionaluniversity\app\public\wp-settings.php:535
[21-Jan-2021 09:32:10 UTC] PHP   7. WP_Hook->do_action() C:\Users\Heidi\Local Sites\functionaluniversity\app\public\wp-includes\plugin.php:484
[21-Jan-2021 09:32:10 UTC] PHP   8. WP_Hook->apply_filters() C:\Users\Heidi\Local Sites\functionaluniversity\app\public\wp-includes\class-wp-hook.php:311
[21-Jan-2021 09:32:10 UTC] PHP Warning:  call_user_func_array() expects parameter 1 to be a valid callback, function 'university_features' not found or invalid function name in C:\Users\Heidi\Local Sites\functionaluniversity\app\public\wp-includes\class-wp-hook.php on line 287
[21-Jan-2021 09:32:10 UTC] PHP Stack trace:
[21-Jan-2021 09:32:10 UTC] PHP   1. {main}() C:\Users\Heidi\Local Sites\functionaluniversity\app\public\index.php:0
[21-Jan-2021 09:32:10 UTC] PHP   2. require() C:\Users\Heidi\Local Sites\functionaluniversity\app\public\index.php:17
[21-Jan-2021 09:32:10 UTC] PHP   3. require_once() C:\Users\Heidi\Local Sites\functionaluniversity\app\public\wp-blog-header.php:13
[21-Jan-2021 09:32:10 UTC] PHP   4. require_once() C:\Users\Heidi\Local Sites\functionaluniversity\app\public\wp-load.php:37
[21-Jan-2021 09:32:10 UTC] PHP   5. require_once() C:\Users\Heidi\Local Sites\functionaluniversity\app\public\wp-config.php:77
[21-Jan-2021 09:32:10 UTC] PHP   6. do_action() C:\Users\Heidi\Local Sites\functionaluniversity\app\public\wp-settings.php:535
[21-Jan-2021 09:32:10 UTC] PHP   7. WP_Hook->do_action() C:\Users\Heidi\Local Sites\functionaluniversity\app\public\wp-includes\plugin.php:484
[21-Jan-2021 09:32:10 UTC] PHP   8. WP_Hook->apply_filters() C:\Users\Heidi\Local Sites\functionaluniversity\app\public\wp-includes\class-wp-hook.php:311
[21-Jan-2021 09:38:36 UTC] PHP Parse error:  syntax error, unexpected '>' in C:\Users\Heidi\Local Sites\functionaluniversity\app\public\wp-content\themes\fictional_university_thema\header.php on line 20
[21-Jan-2021 09:38:59 UTC] PHP Parse error:  syntax error, unexpected '">About Us</a></li>' (T_CONSTANT_ENCAPSED_STRING), expecting ',' or ';' in C:\Users\Heidi\Local Sites\functionaluniversity\app\public\wp-content\themes\fictional_university_thema\header.php on line 19
[21-Jan-2021 10:41:19 UTC] PHP Fatal error:  Uncaught ArgumentCountError: Too few arguments to function wp_get_post_parent_id(), 0 passed in C:\Users\Heidi\Local Sites\functionaluniversity\app\public\wp-content\themes\fictional_university_thema\page.php on line 23 and exactly 1 expected in C:\Users\Heidi\Local Sites\functionaluniversity\app\public\wp-includes\post.php:7204
Stack trace:
#0 C:\Users\Heidi\Local Sites\functionaluniversity\app\public\wp-content\themes\fictional_university_thema\page.php(23): wp_get_post_parent_id()
#1 C:\Users\Heidi\Local Sites\functionaluniversity\app\public\wp-includes\template-loader.php(106): include('C:\\Users\\Heidi\\...')
#2 C:\Users\Heidi\Local Sites\functionaluniversity\app\public\wp-blog-header.php(19): require_once('C:\\Users\\Heidi\\...')
#3 C:\Users\Heidi\Local Sites\functionaluniversity\app\public\index.php(17): require('C:\\Users\\Heidi\\...')
#4 {main}
  thrown in C:\Users\Heidi\Local Sites\functionaluniversity\app\public\wp-includes\post.php on line 7204
[21-Jan-2021 11:11:49 UTC] PHP Fatal error:  Uncaught Error: Call to undefined function tripleMe() in C:\Users\Heidi\Local Sites\functionaluniversity\app\public\wp-content\themes\fictional_university_thema\index.php:13
Stack trace:
#0 C:\Users\Heidi\Local Sites\functionaluniversity\app\public\wp-includes\template-loader.php(106): include()
#1 C:\Users\Heidi\Local Sites\functionaluniversity\app\public\wp-blog-header.php(19): require_once('C:\\Users\\Heidi\\...')
#2 C:\Users\Heidi\Local Sites\functionaluniversity\app\public\index.php(17): require('C:\\Users\\Heidi\\...')
#3 {main}
  thrown in C:\Users\Heidi\Local Sites\functionaluniversity\app\public\wp-content\themes\fictional_university_thema\index.php on line 13
[21-Jan-2021 12:32:40 UTC] PHP Parse error:  syntax error, unexpected 'add_theme_support' (T_STRING) in C:\Users\Heidi\Local Sites\functionaluniversity\app\public\wp-content\themes\fictional_university_thema\functions.php on line 14
[21-Jan-2021 12:33:18 UTC] PHP Parse error:  syntax error, unexpected 'add_theme_support' (T_STRING) in C:\Users\Heidi\Local Sites\functionaluniversity\app\public\wp-content\themes\fictional_university_thema\functions.php on line 14
[21-Jan-2021 12:33:18 UTC] PHP Parse error:  syntax error, unexpected 'add_theme_support' (T_STRING) in C:\Users\Heidi\Local Sites\functionaluniversity\app\public\wp-content\themes\fictional_university_thema\functions.php on line 14
[21-Jan-2021 12:33:18 UTC] PHP Parse error:  syntax error, unexpected 'add_theme_support' (T_STRING) in C:\Users\Heidi\Local Sites\functionaluniversity\app\public\wp-content\themes\fictional_university_thema\functions.php on line 14
[21-Jan-2021 12:33:33 UTC] PHP Parse error:  syntax error, unexpected ';', expecting ')' in C:\Users\Heidi\Local Sites\functionaluniversity\app\public\wp-content\themes\fictional_university_thema\functions.php on line 13
[21-Jan-2021 12:33:33 UTC] PHP Parse error:  syntax error, unexpected ';', expecting ')' in C:\Users\Heidi\Local Sites\functionaluniversity\app\public\wp-content\themes\fictional_university_thema\functions.php on line 13
[21-Jan-2021 12:41:01 UTC] PHP Parse error:  syntax error, unexpected ';', expecting ')' in C:\Users\Heidi\Local Sites\functionaluniversity\app\public\wp-content\themes\fictional_university_thema\header.php on line 21
[25-Jan-2021 07:47:52 UTC] PHP Fatal error:  Uncaught Error: Call to undefined function the_author_post_link() in C:\Users\Heidi\Local Sites\functionaluniversity\app\public\wp-content\themes\fictional_university_thema\index.php:23
Stack trace:
#0 C:\Users\Heidi\Local Sites\functionaluniversity\app\public\wp-includes\template-loader.php(106): include()
#1 C:\Users\Heidi\Local Sites\functionaluniversity\app\public\wp-blog-header.php(19): require_once('C:\\Users\\Heidi\\...')
#2 C:\Users\Heidi\Local Sites\functionaluniversity\app\public\index.php(17): require('C:\\Users\\Heidi\\...')
#3 {main}
  thrown in C:\Users\Heidi\Local Sites\functionaluniversity\app\public\wp-content\themes\fictional_university_thema\index.php on line 23
[25-Jan-2021 08:41:31 UTC] PHP Parse error:  syntax error, unexpected 'the_author' (T_STRING), expecting ',' or ';' in C:\Users\Heidi\Local Sites\functionaluniversity\app\public\wp-content\themes\fictional_university_thema\archive.php on line 13
[25-Jan-2021 08:46:42 UTC] PHP Fatal error:  Uncaught Error: Call to undefined function the_archive_discription() in C:\Users\Heidi\Local Sites\functionaluniversity\app\public\wp-content\themes\fictional_university_thema\archive.php:11
Stack trace:
#0 C:\Users\Heidi\Local Sites\functionaluniversity\app\public\wp-includes\template-loader.php(106): include()
#1 C:\Users\Heidi\Local Sites\functionaluniversity\app\public\wp-blog-header.php(19): require_once('C:\\Users\\Heidi\\...')
#2 C:\Users\Heidi\Local Sites\functionaluniversity\app\public\index.php(17): require('C:\\Users\\Heidi\\...')
#3 {main}
  thrown in C:\Users\Heidi\Local Sites\functionaluniversity\app\public\wp-content\themes\fictional_university_thema\archive.php on line 11
[25-Jan-2021 09:39:14 UTC] PHP Fatal error:  Uncaught Error: Call to undefined function echowp_trim_words() in C:\Users\Heidi\Local Sites\functionaluniversity\app\public\wp-content\themes\fictional_university_thema\front-page.php:61
Stack trace:
#0 C:\Users\Heidi\Local Sites\functionaluniversity\app\public\wp-includes\template-loader.php(106): include()
#1 C:\Users\Heidi\Local Sites\functionaluniversity\app\public\wp-blog-header.php(19): require_once('C:\\Users\\Heidi\\...')
#2 C:\Users\Heidi\Local Sites\functionaluniversity\app\public\index.php(17): require('C:\\Users\\Heidi\\...')
#3 {main}
  thrown in C:\Users\Heidi\Local Sites\functionaluniversity\app\public\wp-content\themes\fictional_university_thema\front-page.php on line 61
[26-Jan-2021 07:57:51 UTC] PHP Parse error:  syntax error, unexpected ''labels'' (T_CONSTANT_ENCAPSED_STRING), expecting ')' in C:\Users\Heidi\Local Sites\functionaluniversity\app\public\wp-content\themes\fictional_university_thema\functions.php on line 22
[26-Jan-2021 07:57:55 UTC] PHP Parse error:  syntax error, unexpected ''labels'' (T_CONSTANT_ENCAPSED_STRING), expecting ')' in C:\Users\Heidi\Local Sites\functionaluniversity\app\public\wp-content\themes\fictional_university_thema\functions.php on line 22
[26-Jan-2021 07:57:55 UTC] PHP Parse error:  syntax error, unexpected ''labels'' (T_CONSTANT_ENCAPSED_STRING), expecting ')' in C:\Users\Heidi\Local Sites\functionaluniversity\app\public\wp-content\themes\fictional_university_thema\functions.php on line 22
[26-Jan-2021 08:11:37 UTC] PHP Fatal error:  Cannot redeclare university_post_types() (previously declared in C:\Users\Heidi\Local Sites\functionaluniversity\app\public\wp-content\mu-plugins\university-post-types.php:3) in C:\Users\Heidi\Local Sites\functionaluniversity\app\public\wp-content\themes\fictional_university_thema\functions.php on line 19
[26-Jan-2021 08:11:37 UTC] PHP Stack trace:
[26-Jan-2021 08:11:37 UTC] PHP   1. {main}() C:\Users\Heidi\Local Sites\functionaluniversity\app\public\wp-admin\admin-ajax.php:0
[26-Jan-2021 08:11:37 UTC] PHP   2. require_once() C:\Users\Heidi\Local Sites\functionaluniversity\app\public\wp-admin\admin-ajax.php:22
[26-Jan-2021 08:11:37 UTC] PHP   3. require_once() C:\Users\Heidi\Local Sites\functionaluniversity\app\public\wp-load.php:37
[26-Jan-2021 08:11:37 UTC] PHP   4. require_once() C:\Users\Heidi\Local Sites\functionaluniversity\app\public\wp-config.php:77
[26-Jan-2021 08:11:41 UTC] PHP Fatal error:  Cannot redeclare university_post_types() (previously declared in C:\Users\Heidi\Local Sites\functionaluniversity\app\public\wp-content\mu-plugins\university-post-types.php:3) in C:\Users\Heidi\Local Sites\functionaluniversity\app\public\wp-content\themes\fictional_university_thema\functions.php on line 19
[26-Jan-2021 08:11:41 UTC] PHP Stack trace:
[26-Jan-2021 08:11:41 UTC] PHP   1. {main}() C:\Users\Heidi\Local Sites\functionaluniversity\app\public\wp-admin\edit.php:0
[26-Jan-2021 08:11:41 UTC] PHP   2. require_once() C:\Users\Heidi\Local Sites\functionaluniversity\app\public\wp-admin\edit.php:10
[26-Jan-2021 08:11:41 UTC] PHP   3. require_once() C:\Users\Heidi\Local Sites\functionaluniversity\app\public\wp-admin\admin.php:34
[26-Jan-2021 08:11:41 UTC] PHP   4. require_once() C:\Users\Heidi\Local Sites\functionaluniversity\app\public\wp-load.php:37
[26-Jan-2021 08:11:41 UTC] PHP   5. require_once() C:\Users\Heidi\Local Sites\functionaluniversity\app\public\wp-config.php:77
[26-Jan-2021 08:11:41 UTC] PHP Fatal error:  Cannot redeclare university_post_types() (previously declared in C:\Users\Heidi\Local Sites\functionaluniversity\app\public\wp-content\mu-plugins\university-post-types.php:3) in C:\Users\Heidi\Local Sites\functionaluniversity\app\public\wp-content\themes\fictional_university_thema\functions.php on line 19
[26-Jan-2021 08:11:41 UTC] PHP Stack trace:
[26-Jan-2021 08:11:41 UTC] PHP   1. {main}() C:\Users\Heidi\Local Sites\functionaluniversity\app\public\index.php:0
[26-Jan-2021 08:11:41 UTC] PHP   2. require() C:\Users\Heidi\Local Sites\functionaluniversity\app\public\index.php:17
[26-Jan-2021 08:11:41 UTC] PHP   3. require_once() C:\Users\Heidi\Local Sites\functionaluniversity\app\public\wp-blog-header.php:13
[26-Jan-2021 08:11:41 UTC] PHP   4. require_once() C:\Users\Heidi\Local Sites\functionaluniversity\app\public\wp-load.php:37
[26-Jan-2021 08:11:41 UTC] PHP   5. require_once() C:\Users\Heidi\Local Sites\functionaluniversity\app\public\wp-config.php:77
[26-Jan-2021 09:16:13 UTC] PHP Parse error:  syntax error, unexpected ';', expecting ')' in C:\Users\Heidi\Local Sites\functionaluniversity\app\public\wp-content\mu-plugins\university-post-types.php on line 5
[26-Jan-2021 09:16:13 UTC] PHP Parse error:  syntax error, unexpected ';', expecting ')' in C:\Users\Heidi\Local Sites\functionaluniversity\app\public\wp-content\mu-plugins\university-post-types.php on line 5
[26-Jan-2021 09:56:20 UTC] PHP Parse error:  syntax error, unexpected '}', expecting end of file in C:\Users\Heidi\Local Sites\functionaluniversity\app\public\wp-content\themes\fictional_university_thema\front-page.php on line 41
[26-Jan-2021 10:47:27 UTC] PHP Fatal error:  Uncaught Error: Call to undefined function get_post_tupe_archive_lint() in C:\Users\Heidi\Local Sites\functionaluniversity\app\public\wp-content\themes\fictional_university_thema\header.php:23
Stack trace:
#0 C:\Users\Heidi\Local Sites\functionaluniversity\app\public\wp-includes\template.php(730): require_once()
#1 C:\Users\Heidi\Local Sites\functionaluniversity\app\public\wp-includes\template.php(676): load_template('C:\\Users\\Heidi\\...', true, Array)
#2 C:\Users\Heidi\Local Sites\functionaluniversity\app\public\wp-includes\general-template.php(48): locate_template(Array, true, true, Array)
#3 C:\Users\Heidi\Local Sites\functionaluniversity\app\public\wp-content\themes\fictional_university_thema\archive-event.php(3): get_header()
#4 C:\Users\Heidi\Local Sites\functionaluniversity\app\public\wp-includes\template-loader.php(106): include('C:\\Users\\Heidi\\...')
#5 C:\Users\Heidi\Local Sites\functionaluniversity\app\public\wp-blog-header.php(19): require_once('C:\\Users\\Heidi\\...')
#6 C:\Users\Heidi\Local  in C:\Users\Heidi\Local Sites\functionaluniversity\app\public\wp-content\themes\fictional_university_thema\header.php on line 23
[26-Jan-2021 10:47:31 UTC] PHP Fatal error:  Uncaught Error: Call to undefined function get_post_tupe_archive_lint() in C:\Users\Heidi\Local Sites\functionaluniversity\app\public\wp-content\themes\fictional_university_thema\header.php:23
Stack trace:
#0 C:\Users\Heidi\Local Sites\functionaluniversity\app\public\wp-includes\template.php(730): require_once()
#1 C:\Users\Heidi\Local Sites\functionaluniversity\app\public\wp-includes\template.php(676): load_template('C:\\Users\\Heidi\\...', true, Array)
#2 C:\Users\Heidi\Local Sites\functionaluniversity\app\public\wp-includes\general-template.php(48): locate_template(Array, true, true, Array)
#3 C:\Users\Heidi\Local Sites\functionaluniversity\app\public\wp-content\themes\fictional_university_thema\archive-event.php(3): get_header()
#4 C:\Users\Heidi\Local Sites\functionaluniversity\app\public\wp-includes\template-loader.php(106): include('C:\\Users\\Heidi\\...')
#5 C:\Users\Heidi\Local Sites\functionaluniversity\app\public\wp-blog-header.php(19): require_once('C:\\Users\\Heidi\\...')
#6 C:\Users\Heidi\Local  in C:\Users\Heidi\Local Sites\functionaluniversity\app\public\wp-content\themes\fictional_university_thema\header.php on line 23
[26-Jan-2021 10:47:50 UTC] PHP Fatal error:  Uncaught Error: Call to undefined function get_post_tupe_archive_lint() in C:\Users\Heidi\Local Sites\functionaluniversity\app\public\wp-content\themes\fictional_university_thema\header.php:23
Stack trace:
#0 C:\Users\Heidi\Local Sites\functionaluniversity\app\public\wp-includes\template.php(730): require_once()
#1 C:\Users\Heidi\Local Sites\functionaluniversity\app\public\wp-includes\template.php(676): load_template('C:\\Users\\Heidi\\...', true, Array)
#2 C:\Users\Heidi\Local Sites\functionaluniversity\app\public\wp-includes\general-template.php(48): locate_template(Array, true, true, Array)
#3 C:\Users\Heidi\Local Sites\functionaluniversity\app\public\wp-content\themes\fictional_university_thema\archive-event.php(3): get_header()
#4 C:\Users\Heidi\Local Sites\functionaluniversity\app\public\wp-includes\template-loader.php(106): include('C:\\Users\\Heidi\\...')
#5 C:\Users\Heidi\Local Sites\functionaluniversity\app\public\wp-blog-header.php(19): require_once('C:\\Users\\Heidi\\...')
#6 C:\Users\Heidi\Local  in C:\Users\Heidi\Local Sites\functionaluniversity\app\public\wp-content\themes\fictional_university_thema\header.php on line 23
[26-Jan-2021 13:07:40 UTC] PHP Fatal error:  Uncaught Error: Call to undefined function get_post_tupe_archive_lint() in C:\Users\Heidi\Local Sites\functionaluniversity\app\public\wp-content\themes\fictional_university_thema\header.php:23
Stack trace:
#0 C:\Users\Heidi\Local Sites\functionaluniversity\app\public\wp-includes\template.php(730): require_once()
#1 C:\Users\Heidi\Local Sites\functionaluniversity\app\public\wp-includes\template.php(676): load_template('C:\\Users\\Heidi\\...', true, Array)
#2 C:\Users\Heidi\Local Sites\functionaluniversity\app\public\wp-includes\general-template.php(48): locate_template(Array, true, true, Array)
#3 C:\Users\Heidi\Local Sites\functionaluniversity\app\public\wp-content\themes\fictional_university_thema\archive-event.php(3): get_header()
#4 C:\Users\Heidi\Local Sites\functionaluniversity\app\public\wp-includes\template-loader.php(106): include('C:\\Users\\Heidi\\...')
#5 C:\Users\Heidi\Local Sites\functionaluniversity\app\public\wp-blog-header.php(19): require_once('C:\\Users\\Heidi\\...')
#6 C:\Users\Heidi\Local  in C:\Users\Heidi\Local Sites\functionaluniversity\app\public\wp-content\themes\fictional_university_thema\header.php on line 23
[26-Jan-2021 13:08:03 UTC] PHP Fatal error:  Uncaught Error: Call to undefined function get_post_tupe_archive_lint() in C:\Users\Heidi\Local Sites\functionaluniversity\app\public\wp-content\themes\fictional_university_thema\header.php:23
Stack trace:
#0 C:\Users\Heidi\Local Sites\functionaluniversity\app\public\wp-includes\template.php(730): require_once()
#1 C:\Users\Heidi\Local Sites\functionaluniversity\app\public\wp-includes\template.php(676): load_template('C:\\Users\\Heidi\\...', true, Array)
#2 C:\Users\Heidi\Local Sites\functionaluniversity\app\public\wp-includes\general-template.php(48): locate_template(Array, true, true, Array)
#3 C:\Users\Heidi\Local Sites\functionaluniversity\app\public\wp-content\themes\fictional_university_thema\archive-event.php(3): get_header()
#4 C:\Users\Heidi\Local Sites\functionaluniversity\app\public\wp-includes\template-loader.php(106): include('C:\\Users\\Heidi\\...')
#5 C:\Users\Heidi\Local Sites\functionaluniversity\app\public\wp-blog-header.php(19): require_once('C:\\Users\\Heidi\\...')
#6 C:\Users\Heidi\Local  in C:\Users\Heidi\Local Sites\functionaluniversity\app\public\wp-content\themes\fictional_university_thema\header.php on line 23
[26-Jan-2021 15:34:27 UTC] PHP Fatal error:  Uncaught Error: Class 'DayTime' not found in C:\Users\Heidi\Local Sites\functionaluniversity\app\public\wp-content\themes\fictional_university_thema\front-page.php:30
Stack trace:
#0 C:\Users\Heidi\Local Sites\functionaluniversity\app\public\wp-includes\template-loader.php(106): include()
#1 C:\Users\Heidi\Local Sites\functionaluniversity\app\public\wp-blog-header.php(19): require_once('C:\\Users\\Heidi\\...')
#2 C:\Users\Heidi\Local Sites\functionaluniversity\app\public\index.php(17): require('C:\\Users\\Heidi\\...')
#3 {main}
  thrown in C:\Users\Heidi\Local Sites\functionaluniversity\app\public\wp-content\themes\fictional_university_thema\front-page.php on line 30
[26-Jan-2021 15:35:22 UTC] PHP Fatal error:  Uncaught Error: Class 'DayTime' not found in C:\Users\Heidi\Local Sites\functionaluniversity\app\public\wp-content\themes\fictional_university_thema\front-page.php:30
Stack trace:
#0 C:\Users\Heidi\Local Sites\functionaluniversity\app\public\wp-includes\template-loader.php(106): include()
#1 C:\Users\Heidi\Local Sites\functionaluniversity\app\public\wp-blog-header.php(19): require_once('C:\\Users\\Heidi\\...')
#2 C:\Users\Heidi\Local Sites\functionaluniversity\app\public\index.php(17): require('C:\\Users\\Heidi\\...')
#3 {main}
  thrown in C:\Users\Heidi\Local Sites\functionaluniversity\app\public\wp-content\themes\fictional_university_thema\front-page.php on line 30
[26-Jan-2021 15:57:24 UTC] PHP Parse error:  syntax error, unexpected 'order' (T_STRING), expecting ')' in C:\Users\Heidi\Local Sites\functionaluniversity\app\public\wp-content\themes\fictional_university_thema\front-page.php on line 26
[26-Jan-2021 16:05:46 UTC] PHP Parse error:  syntax error, unexpected ',' in C:\Users\Heidi\Local Sites\functionaluniversity\app\public\wp-content\themes\fictional_university_thema\front-page.php on line 20
[27-Jan-2021 06:49:53 UTC] PHP Parse error:  syntax error, unexpected ';' in C:\Users\Heidi\Local Sites\functionaluniversity\app\public\wp-content\themes\fictional_university_thema\functions.php on line 21
[27-Jan-2021 06:49:53 UTC] PHP Parse error:  syntax error, unexpected ';' in C:\Users\Heidi\Local Sites\functionaluniversity\app\public\wp-content\themes\fictional_university_thema\functions.php on line 21
[27-Jan-2021 06:50:30 UTC] PHP Parse error:  syntax error, unexpected ';' in C:\Users\Heidi\Local Sites\functionaluniversity\app\public\wp-content\themes\fictional_university_thema\functions.php on line 21
[27-Jan-2021 06:55:19 UTC] PHP Parse error:  syntax error, unexpected '}' in C:\Users\Heidi\Local Sites\functionaluniversity\app\public\wp-content\themes\fictional_university_thema\functions.php on line 33
[27-Jan-2021 06:55:19 UTC] PHP Parse error:  syntax error, unexpected '}' in C:\Users\Heidi\Local Sites\functionaluniversity\app\public\wp-content\themes\fictional_university_thema\functions.php on line 33
[06-Feb-2021 09:04:07 UTC] PHP Parse error:  syntax error, unexpected ':' in C:\Users\Heidi\Local Sites\functionaluniversity\app\public\wp-content\themes\fictional_university_thema\functions.php on line 20
[06-Feb-2021 09:04:51 UTC] PHP Parse error:  syntax error, unexpected ':' in C:\Users\Heidi\Local Sites\functionaluniversity\app\public\wp-content\themes\fictional_university_thema\functions.php on line 20
[06-Feb-2021 09:04:51 UTC] PHP Parse error:  syntax error, unexpected ':' in C:\Users\Heidi\Local Sites\functionaluniversity\app\public\wp-content\themes\fictional_university_thema\functions.php on line 20
[06-Feb-2021 09:05:23 UTC] PHP Parse error:  syntax error, unexpected '(', expecting identifier (T_STRING) or variable (T_VARIABLE) or '{' or '$' in C:\Users\Heidi\Local Sites\functionaluniversity\app\public\wp-content\themes\fictional_university_thema\functions.php on line 22
[06-Feb-2021 09:05:23 UTC] PHP Parse error:  syntax error, unexpected '(', expecting identifier (T_STRING) or variable (T_VARIABLE) or '{' or '$' in C:\Users\Heidi\Local Sites\functionaluniversity\app\public\wp-content\themes\fictional_university_thema\functions.php on line 22
[11-Feb-2021 08:51:15 UTC] PHP Parse error:  syntax error, unexpected ';' in C:\Users\Heidi\Local Sites\functionaluniversity\app\public\wp-content\themes\fictional_university_thema\single-event.php on line 30
[11-Feb-2021 08:51:34 UTC] PHP Parse error:  syntax error, unexpected 'class' (T_CLASS), expecting ',' or ';' in C:\Users\Heidi\Local Sites\functionaluniversity\app\public\wp-content\themes\fictional_university_thema\single-event.php on line 31
[11-Feb-2021 12:18:21 UTC] PHP Fatal error:  Uncaught Error: Call to undefined function the_perma_link() in C:\Users\Heidi\Local Sites\functionaluniversity\app\public\wp-content\themes\fictional_university_thema\single-program.php:49
Stack trace:
#0 C:\Users\Heidi\Local Sites\functionaluniversity\app\public\wp-includes\template-loader.php(106): include()
#1 C:\Users\Heidi\Local Sites\functionaluniversity\app\public\wp-blog-header.php(19): require_once('C:\\Users\\Heidi\\...')
#2 C:\Users\Heidi\Local Sites\functionaluniversity\app\public\index.php(17): require('C:\\Users\\Heidi\\...')
#3 {main}
  thrown in C:\Users\Heidi\Local Sites\functionaluniversity\app\public\wp-content\themes\fictional_university_thema\single-program.php on line 49
